Using pre-set license

 COMMAND LINE ARGUMENTS:
/Applications/Unity/Hub/Editor/2020.3.0f1/Unity.app/Contents/MacOS/Unity
-adb2
-batchMode
-noUpm
-name
AssetImportWorker0
-projectPath
/Users/emilyherbert/Documents/CaseFile-CampStillwater/Case File Camp Stillwater
-logFile
Logs/AssetImportWorker0.log
-srvPort
64414
Successfully changed project path to: /Users/emilyherbert/Documents/CaseFile-CampStillwater/Case File Camp Stillwater
/Users/emilyherbert/Documents/CaseFile-CampStillwater/Case File Camp Stillwater
Using Asset Import Pipeline V2.
Refreshing native plugins compatible for Editor in 30.07 ms, found 1 plugins.
Preloading 0 native plugins for Editor in 0.00 ms.
Initialize engine version: 2020.3.0f1 (c7b5465681fb)
[Subsystems] Discovering subsystems at path /Applications/Unity/Hub/Editor/2020.3.0f1/Unity.app/Contents/Resources/UnitySubsystems
[Subsystems] Discovering subsystems at path /Users/emilyherbert/Documents/CaseFile-CampStillwater/Case File Camp Stillwater/Assets
GfxDevice: creating device client; threaded=0
2025-05-07 10:53:31.819 Unity[39480:2982613] (null) preferred device: Apple M4 Pro (high power)
2025-05-07 10:53:31.820 Unity[39480:2982613] Metal devices available: 1
2025-05-07 10:53:31.820 Unity[39480:2982613] 0: Apple M4 Pro (high power)
2025-05-07 10:53:31.820 Unity[39480:2982613] Using device Apple M4 Pro (high power)
Initializing Metal device caps: Apple M4 Pro
Initialize mono
Mono path[0] = '/Applications/Unity/Hub/Editor/2020.3.0f1/Unity.app/Contents/Managed'
Mono path[1] = '/Applications/Unity/Hub/Editor/2020.3.0f1/Unity.app/Contents/MonoBleedingEdge/lib/mono/unityjit'
Mono config path = '/Applications/Unity/Hub/Editor/2020.3.0f1/Unity.app/Contents/MonoBleedingEdge/etc'
Using monoOptions --debugger-agent=transport=dt_socket,embedding=1,server=y,suspend=n,address=127.0.0.1:56480
Begin MonoManager ReloadAssembly
Registering precompiled unity dll's ...
Register platform support module: /Applications/Unity/Hub/Editor/2020.3.0f1/Unity.app/Contents/PlaybackEngines/MacStandaloneSupport/UnityEditor.OSXStandalone.Extensions.dll
Registered in 0.001824 seconds.
Native extension for OSXStandalone target not found
Refreshing native plugins compatible for Editor in 29.10 ms, found 1 plugins.
Preloading 0 native plugins for Editor in 0.00 ms.
Invoked RoslynAnalysisRunner static constructor.
RoslynAnalysisRunner will not be running.
RoslynAnalysisRunner has terminated.
Mono: successfully reloaded assembly
- Completed reload, in  1.547 seconds
Platform modules already initialized, skipping
Registering precompiled user dll's ...
Registered in 0.001635 seconds.
Begin MonoManager ReloadAssembly
Native extension for OSXStandalone target not found
Refreshing native plugins compatible for Editor in 0.26 ms, found 1 plugins.
Preloading 0 native plugins for Editor in 0.00 ms.
Invoked RoslynAnalysisRunner static constructor.
RoslynAnalysisRunner will not be running.
RoslynAnalysisRunner has terminated.
Mono: successfully reloaded assembly
- Completed reload, in  1.540 seconds
Platform modules already initialized, skipping
========================================================================
Worker process is ready to serve import requests
Launching external process: /Applications/Unity/Hub/Editor/2020.3.0f1/Unity.app/Contents/Tools/UnityShaderCompiler
Launched and connected shader compiler UnityShaderCompiler after 0.05 seconds
Refreshing native plugins compatible for Editor in 0.25 ms, found 1 plugins.
Preloading 0 native plugins for Editor in 0.00 ms.
Unloading 1244 Unused Serialized files (Serialized files now loaded: 0)
System memory in use before: 85.3 MB.
System memory in use after: 84.9 MB.

Unloading 12 unused Assets to reduce memory usage. Loaded Objects now: 1709.
Total: 1.686584 ms (FindLiveObjects: 0.122458 ms CreateObjectMapping: 0.030667 ms MarkObjects: 1.159875 ms  DeleteObjects: 0.372834 ms)

========================================================================
Received Import Request.
  path: Assets/water/Demo/Textures/Gravel_normal.jpg
  artifactKey: Guid(83aafc05457cf62498959bba131b4ee2) Importer(815301076,1909f56bfc062723c751e8b465ee728b)
Start importing Assets/water/Demo/Textures/Gravel_normal.jpg using Guid(83aafc05457cf62498959bba131b4ee2) Importer(815301076,1909f56bfc062723c751e8b465ee728b)  -> (artifact id: '49526cb1982cf91d8509b1f458d1096b') in 0.474462 seconds
  Import took 0.477040 seconds .

========================================================================
Received Import Request.
  Time since last request: 0.000294 seconds.
  path: Assets/water/Demo/Textures/RockGrassy.jpg
  artifactKey: Guid(d64e707b7eb5d144fa11d381b14d1fa1) Importer(815301076,1909f56bfc062723c751e8b465ee728b)
Start importing Assets/water/Demo/Textures/RockGrassy.jpg using Guid(d64e707b7eb5d144fa11d381b14d1fa1) Importer(815301076,1909f56bfc062723c751e8b465ee728b)  -> (artifact id: 'cb3d966e1a36c8e58fa44857f86ab1d3') in 0.014347 seconds
  Import took 0.016162 seconds .

========================================================================
Received Import Request.
  Time since last request: 0.000284 seconds.
  path: Assets/water/Demo/Textures/RockGrassy_normal.jpg
  artifactKey: Guid(e0deaff0e88983949ad2c760894c6590) Importer(815301076,1909f56bfc062723c751e8b465ee728b)
Start importing Assets/water/Demo/Textures/RockGrassy_normal.jpg using Guid(e0deaff0e88983949ad2c760894c6590) Importer(815301076,1909f56bfc062723c751e8b465ee728b)  -> (artifact id: 'ed50d19d2b5db35274b0ee87365e2951') in 0.013680 seconds
  Import took 0.015746 seconds .

========================================================================
Received Import Request.
  Time since last request: 0.000232 seconds.
  path: Assets/water/Demo/Textures/Grass.jpg
  artifactKey: Guid(34429bd1432eead4281c991a7f86aec7) Importer(815301076,1909f56bfc062723c751e8b465ee728b)
Start importing Assets/water/Demo/Textures/Grass.jpg using Guid(34429bd1432eead4281c991a7f86aec7) Importer(815301076,1909f56bfc062723c751e8b465ee728b)  -> (artifact id: 'eb461586b7d4af51637aef424cd502f3') in 0.007047 seconds
  Import took 0.009139 seconds .

========================================================================
Received Import Request.
  Time since last request: 0.000210 seconds.
  path: Assets/water/Demo/Textures/Gravel.jpg
  artifactKey: Guid(fe4e2613219b2654c82dd59079667fe6) Importer(815301076,1909f56bfc062723c751e8b465ee728b)
Start importing Assets/water/Demo/Textures/Gravel.jpg using Guid(fe4e2613219b2654c82dd59079667fe6) Importer(815301076,1909f56bfc062723c751e8b465ee728b)  -> (artifact id: '915a0c385fc85defeff0e15d6370d06b') in 0.006079 seconds
  Import took 0.007827 seconds .

========================================================================
Received Import Request.
  Time since last request: 0.000179 seconds.
  path: Assets/water/Demo/Textures/Cliffs_normal.jpg
  artifactKey: Guid(5e2137d62de0b4846ac0dd23bc393af0) Importer(815301076,1909f56bfc062723c751e8b465ee728b)
Start importing Assets/water/Demo/Textures/Cliffs_normal.jpg using Guid(5e2137d62de0b4846ac0dd23bc393af0) Importer(815301076,1909f56bfc062723c751e8b465ee728b)  -> (artifact id: '052c839e0f754b2f0c4db979e0d70212') in 0.006376 seconds
  Import took 0.007962 seconds .

========================================================================
Received Import Request.
  Time since last request: 0.000187 seconds.
  path: Assets/water/Demo/Textures/Cliffs.jpg
  artifactKey: Guid(ea2cf029f996b84418c75102c55065fc) Importer(815301076,1909f56bfc062723c751e8b465ee728b)
Start importing Assets/water/Demo/Textures/Cliffs.jpg using Guid(ea2cf029f996b84418c75102c55065fc) Importer(815301076,1909f56bfc062723c751e8b465ee728b)  -> (artifact id: '08b35a6a94588582001960c03dc30488') in 0.007252 seconds
  Import took 0.008868 seconds .

========================================================================
Received Import Request.
  Time since last request: 0.000190 seconds.
  path: Assets/water/Demo/Textures/Grass_normal.jpg
  artifactKey: Guid(90b846a0f2d470248a7f4e706a1ef73a) Importer(815301076,1909f56bfc062723c751e8b465ee728b)
Start importing Assets/water/Demo/Textures/Grass_normal.jpg using Guid(90b846a0f2d470248a7f4e706a1ef73a) Importer(815301076,1909f56bfc062723c751e8b465ee728b)  -> (artifact id: '7d8a6239408bb3febcc58672871823dc') in 0.008523 seconds
  Import took 0.010148 seconds .

========================================================================
Received Import Request.
  Time since last request: 6.414759 seconds.
  path: Assets/water/Materials
  artifactKey: Guid(bf37ea52eb1ccfc45bad29c19f5cd7f3) Importer(815301076,1909f56bfc062723c751e8b465ee728b)
Start importing Assets/water/Materials using Guid(bf37ea52eb1ccfc45bad29c19f5cd7f3) Importer(815301076,1909f56bfc062723c751e8b465ee728b)  -> (artifact id: '42b176ad400b87f5cd1f12118f30fd50') in 0.001047 seconds
  Import took 0.003092 seconds .

========================================================================
Received Import Request.
  Time since last request: 0.114685 seconds.
  path: Assets/water/Materials/AQUAS_Lite_Water.mat
  artifactKey: Guid(f59ea535bb715ca4da8afac832fd36eb) Importer(815301076,1909f56bfc062723c751e8b465ee728b)
Start importing Assets/water/Materials/AQUAS_Lite_Water.mat using Guid(f59ea535bb715ca4da8afac832fd36eb) Importer(815301076,1909f56bfc062723c751e8b465ee728b)  -> (artifact id: '7ff8c485f643719b5d42692affa6a2b5') in 0.527841 seconds
  Import took 0.531550 seconds .

========================================================================
Received Import Request.
  Time since last request: 15.303754 seconds.
  path: Assets/water/Prefabs
  artifactKey: Guid(ef4b7651d6eedba409e2f211f0dff24b) Importer(815301076,1909f56bfc062723c751e8b465ee728b)
Start importing Assets/water/Prefabs using Guid(ef4b7651d6eedba409e2f211f0dff24b) Importer(815301076,1909f56bfc062723c751e8b465ee728b)  -> (artifact id: 'c38a3b16f2aac4ed505d2ee8e1fc6b45') in 0.000917 seconds
  Import took 0.002611 seconds .

========================================================================
Received Import Request.
  Time since last request: 544.593458 seconds.
  path: Assets/New Terrain 1.asset
  artifactKey: Guid(a7afa2218c32b44ac8d7e9f83a17dad4) Importer(815301076,1909f56bfc062723c751e8b465ee728b)
Start importing Assets/New Terrain 1.asset using Guid(a7afa2218c32b44ac8d7e9f83a17dad4) Importer(815301076,1909f56bfc062723c751e8b465ee728b)  -> (artifact id: '007fa0df13f2841e1eaa78aabbc772b2') in 0.068613 seconds
  Import took 0.070842 seconds .

========================================================================
Received Import Request.
  Time since last request: 9.124054 seconds.
  path: Assets/Camping Kit/Prefabs
  artifactKey: Guid(9df69046ec146cd438b3fe60d9b9cda4) Importer(815301076,1909f56bfc062723c751e8b465ee728b)
Start importing Assets/Camping Kit/Prefabs using Guid(9df69046ec146cd438b3fe60d9b9cda4) Importer(815301076,1909f56bfc062723c751e8b465ee728b)  -> (artifact id: '9cb7d07e85dfffff7c0ad0ccf6bc4421') in 0.000836 seconds
  Import took 0.002608 seconds .

========================================================================
Received Import Request.
  Time since last request: 0.006542 seconds.
  path: Assets/Camping Kit/Prefabs
  artifactKey: Guid(9df69046ec146cd438b3fe60d9b9cda4) Importer(815301076,1909f56bfc062723c751e8b465ee728b)
Start importing Assets/Camping Kit/Prefabs using Guid(9df69046ec146cd438b3fe60d9b9cda4) Importer(815301076,1909f56bfc062723c751e8b465ee728b)  -> (artifact id: '9cb7d07e85dfffff7c0ad0ccf6bc4421') in 0.000603 seconds
  Import took 0.002363 seconds .

========================================================================
Received Import Request.
  Time since last request: 0.046309 seconds.
  path: Assets/Camping Kit/Prefabs/Backpack V2.prefab
  artifactKey: Guid(294496d4175421e4f86f0f7779699a21) Importer(815301076,1909f56bfc062723c751e8b465ee728b)
Start importing Assets/Camping Kit/Prefabs/Backpack V2.prefab using Guid(294496d4175421e4f86f0f7779699a21) Importer(815301076,1909f56bfc062723c751e8b465ee728b)  -> (artifact id: '48234de8dcf8badbe708d2aceb9bf49e') in 0.116188 seconds
  Import took 0.118542 seconds .

========================================================================
Received Import Request.
  Time since last request: 0.000255 seconds.
  path: Assets/Camping Kit/Prefabs/MatchV2.prefab
  artifactKey: Guid(977e176d844cea24c9a12e0207c6b1b6) Importer(815301076,1909f56bfc062723c751e8b465ee728b)
Start importing Assets/Camping Kit/Prefabs/MatchV2.prefab using Guid(977e176d844cea24c9a12e0207c6b1b6) Importer(815301076,1909f56bfc062723c751e8b465ee728b)  -> (artifact id: '53ecf83967247b1862e418c90eed4a16') in 0.009786 seconds
  Import took 0.011704 seconds .

========================================================================
Received Import Request.
  Time since last request: 0.000237 seconds.
  path: Assets/Camping Kit/Prefabs/Tent_op.prefab
  artifactKey: Guid(5971fd618348ed84eace3b06c809d080) Importer(815301076,1909f56bfc062723c751e8b465ee728b)
Start importing Assets/Camping Kit/Prefabs/Tent_op.prefab using Guid(5971fd618348ed84eace3b06c809d080) Importer(815301076,1909f56bfc062723c751e8b465ee728b)  -> (artifact id: 'ef9755e396755b044183c82259ce3db8') in 0.009345 seconds
  Import took 0.011312 seconds .

========================================================================
Received Import Request.
  Time since last request: 0.000238 seconds.
  path: Assets/Camping Kit/Prefabs/Flask V2.prefab
  artifactKey: Guid(85921e25a3aa7984b86da2935e1fa12b) Importer(815301076,1909f56bfc062723c751e8b465ee728b)
Start importing Assets/Camping Kit/Prefabs/Flask V2.prefab using Guid(85921e25a3aa7984b86da2935e1fa12b) Importer(815301076,1909f56bfc062723c751e8b465ee728b)  -> (artifact id: 'ef9fad2a9247675d85bf07afed441594') in 0.006873 seconds
  Import took 0.008564 seconds .

========================================================================
Received Import Request.
  Time since last request: 0.000268 seconds.
  path: Assets/Camping Kit/Prefabs/Matches V2.prefab
  artifactKey: Guid(a4db3971ef0256342be4268baacf31b0) Importer(815301076,1909f56bfc062723c751e8b465ee728b)
Start importing Assets/Camping Kit/Prefabs/Matches V2.prefab using Guid(a4db3971ef0256342be4268baacf31b0) Importer(815301076,1909f56bfc062723c751e8b465ee728b)  -> (artifact id: 'c499a6e7837307386847b6fb8cf69d77') in 0.007336 seconds
  Import took 0.009108 seconds .

========================================================================
Received Import Request.
  Time since last request: 0.000222 seconds.
  path: Assets/Camping Kit/Prefabs/SleepingBag_cl  V2.prefab
  artifactKey: Guid(3b1ba614184ed394488d264dfd5ab64f) Importer(815301076,1909f56bfc062723c751e8b465ee728b)
Start importing Assets/Camping Kit/Prefabs/SleepingBag_cl  V2.prefab using Guid(3b1ba614184ed394488d264dfd5ab64f) Importer(815301076,1909f56bfc062723c751e8b465ee728b)  -> (artifact id: 'e2f50391c27052aae6cb208b7d54ac35') in 0.006633 seconds
  Import took 0.008411 seconds .

========================================================================
Received Import Request.
  Time since last request: 18.192858 seconds.
  path: Assets/Camping Kit/Textures
  artifactKey: Guid(5d97b556737ec1a4bb9841b1c8ff26cd) Importer(815301076,1909f56bfc062723c751e8b465ee728b)
Start importing Assets/Camping Kit/Textures using Guid(5d97b556737ec1a4bb9841b1c8ff26cd) Importer(815301076,1909f56bfc062723c751e8b465ee728b)  -> (artifact id: '2aed9638b8d3a62d6027b39ed639a674') in 0.000905 seconds
  Import took 0.002706 seconds .

========================================================================
Received Import Request.
  Time since last request: 0.000397 seconds.
  path: Assets/Camping Kit/Textures
  artifactKey: Guid(5d97b556737ec1a4bb9841b1c8ff26cd) Importer(815301076,1909f56bfc062723c751e8b465ee728b)
Start importing Assets/Camping Kit/Textures using Guid(5d97b556737ec1a4bb9841b1c8ff26cd) Importer(815301076,1909f56bfc062723c751e8b465ee728b)  -> (artifact id: '2aed9638b8d3a62d6027b39ed639a674') in 0.000486 seconds
  Import took 0.001755 seconds .

========================================================================
Received Import Request.
  Time since last request: 0.045398 seconds.
  path: Assets/Camping Kit/Textures/Camping_BaseColor2.png
  artifactKey: Guid(e8fb07b4e6367874dab4ee9f071202af) Importer(815301076,1909f56bfc062723c751e8b465ee728b)
Start importing Assets/Camping Kit/Textures/Camping_BaseColor2.png using Guid(e8fb07b4e6367874dab4ee9f071202af) Importer(815301076,1909f56bfc062723c751e8b465ee728b)  -> (artifact id: '662f1809ecc840f2521954031a1e200b') in 0.397798 seconds
  Import took 0.407094 seconds .

========================================================================
Received Import Request.
  Time since last request: 0.000340 seconds.
  path: Assets/Camping Kit/Textures/Camping_Normal.png
  artifactKey: Guid(51440747f2f2f4446b98bfa7b44bf335) Importer(815301076,1909f56bfc062723c751e8b465ee728b)
Start importing Assets/Camping Kit/Textures/Camping_Normal.png using Guid(51440747f2f2f4446b98bfa7b44bf335) Importer(815301076,1909f56bfc062723c751e8b465ee728b)  -> (artifact id: 'a82ea88d9812453291fa9716c5b873e6') in 0.094949 seconds
  Import took 0.101373 seconds .

========================================================================
Received Import Request.
  Time since last request: 7.133426 seconds.
  path: Assets/Camping Kit/Materials
  artifactKey: Guid(01c1190f9ba39124b860d5ef74e4ec43) Importer(815301076,1909f56bfc062723c751e8b465ee728b)
Start importing Assets/Camping Kit/Materials using Guid(01c1190f9ba39124b860d5ef74e4ec43) Importer(815301076,1909f56bfc062723c751e8b465ee728b)  -> (artifact id: '8601a03d8804dd9c05cbf660940df96e') in 0.001042 seconds
  Import took 0.002975 seconds .

========================================================================
Received Import Request.
  Time since last request: 0.105606 seconds.
  path: Assets/Camping Kit/Materials/TourClub_Material2.mat
  artifactKey: Guid(06f4118675144184ab012f3df787324c) Importer(815301076,1909f56bfc062723c751e8b465ee728b)
Start importing Assets/Camping Kit/Materials/TourClub_Material2.mat using Guid(06f4118675144184ab012f3df787324c) Importer(815301076,1909f56bfc062723c751e8b465ee728b)  -> (artifact id: 'dff3b098e07a8ca1c48c067cacc5d2c7') in 0.017949 seconds
  Import took 0.019935 seconds .

========================================================================
Received Import Request.
  Time since last request: 3.118140 seconds.
  path: Assets/Camping Kit/Models
  artifactKey: Guid(bba342f26bf192d4f8926750028675f8) Importer(815301076,1909f56bfc062723c751e8b465ee728b)
Start importing Assets/Camping Kit/Models using Guid(bba342f26bf192d4f8926750028675f8) Importer(815301076,1909f56bfc062723c751e8b465ee728b)  -> (artifact id: '2f43e52f6183bd16311a5f3b79161152') in 0.000980 seconds
  Import took 0.002748 seconds .

========================================================================
Received Import Request.
  Time since last request: 0.117314 seconds.
  path: Assets/Camping Kit/Models/Backpack.fbx
  artifactKey: Guid(d0a4905fe3cd32e4f93ddaa663e0905e) Importer(815301076,1909f56bfc062723c751e8b465ee728b)
Start importing Assets/Camping Kit/Models/Backpack.fbx using Guid(d0a4905fe3cd32e4f93ddaa663e0905e) Importer(815301076,1909f56bfc062723c751e8b465ee728b)  -> (artifact id: 'abf46f1f5e3c3553164e403a18a7e480') in 0.158223 seconds
  Import took 0.160466 seconds .

========================================================================
Received Import Request.
  Time since last request: 0.000195 seconds.
  path: Assets/Camping Kit/Models/Flask.fbx
  artifactKey: Guid(627c9736e667bbe439807e5baa92f8c5) Importer(815301076,1909f56bfc062723c751e8b465ee728b)
Start importing Assets/Camping Kit/Models/Flask.fbx using Guid(627c9736e667bbe439807e5baa92f8c5) Importer(815301076,1909f56bfc062723c751e8b465ee728b)  -> (artifact id: 'a4fb2d80ce6f766a78d407287e70691d') in 0.010448 seconds
  Import took 0.012170 seconds .

========================================================================
Received Import Request.
  Time since last request: 0.000208 seconds.
  path: Assets/Camping Kit/Models/Matches.fbx
  artifactKey: Guid(57cd48b87fd40864fa5c67effac139bf) Importer(815301076,1909f56bfc062723c751e8b465ee728b)
Start importing Assets/Camping Kit/Models/Matches.fbx using Guid(57cd48b87fd40864fa5c67effac139bf) Importer(815301076,1909f56bfc062723c751e8b465ee728b)  -> (artifact id: 'd2ee83542b39fd30080c6591f5c1fb7b') in 0.018056 seconds
  Import took 0.019778 seconds .

========================================================================
Received Import Request.
  Time since last request: 0.000201 seconds.
  path: Assets/Camping Kit/Models/SleepingBag_cl.fbx
  artifactKey: Guid(38913253476a1a749975fe1b1b02a80a) Importer(815301076,1909f56bfc062723c751e8b465ee728b)
Start importing Assets/Camping Kit/Models/SleepingBag_cl.fbx using Guid(38913253476a1a749975fe1b1b02a80a) Importer(815301076,1909f56bfc062723c751e8b465ee728b)  -> (artifact id: 'e793971c0487d00cd019eacab8473cb1') in 0.012203 seconds
  Import took 0.013863 seconds .

========================================================================
Received Import Request.
  Time since last request: 0.000339 seconds.
  path: Assets/Camping Kit/Models/Tent_op.fbx
  artifactKey: Guid(c119355af6701af43a15e0b5d9562600) Importer(815301076,1909f56bfc062723c751e8b465ee728b)
Start importing Assets/Camping Kit/Models/Tent_op.fbx using Guid(c119355af6701af43a15e0b5d9562600) Importer(815301076,1909f56bfc062723c751e8b465ee728b)  -> (artifact id: 'b63039e666ba211eb3eb11dbb4a3fc77') in 0.062163 seconds
  Import took 0.063878 seconds .

========================================================================
Received Import Request.
  Time since last request: 0.000181 seconds.
  path: Assets/Camping Kit/Models/Match.fbx
  artifactKey: Guid(9144d0e46bd301341b7da2b0311da610) Importer(815301076,1909f56bfc062723c751e8b465ee728b)
Start importing Assets/Camping Kit/Models/Match.fbx using Guid(9144d0e46bd301341b7da2b0311da610) Importer(815301076,1909f56bfc062723c751e8b465ee728b)  -> (artifact id: 'f9a157df9f504e8b71fc6bae24c465c6') in 0.008749 seconds
  Import took 0.010429 seconds .

========================================================================
Received Import Request.
  Time since last request: 2.355310 seconds.
  path: Assets/Camping Kit/Demo Stylized Camping Kit
  artifactKey: Guid(30e9cda93d34a1a4c9534928c326e88d) Importer(815301076,1909f56bfc062723c751e8b465ee728b)
Start importing Assets/Camping Kit/Demo Stylized Camping Kit using Guid(30e9cda93d34a1a4c9534928c326e88d) Importer(815301076,1909f56bfc062723c751e8b465ee728b)  -> (artifact id: '107a0df41868f05b9ea79fd60a992147') in 0.000966 seconds
  Import took 0.002819 seconds .

========================================================================
Received Import Request.
  Time since last request: 0.842777 seconds.
  path: Assets/Camping Kit/Demo Stylized Camping Kit/misc
  artifactKey: Guid(709f11a7f3c4041caa4ef136ea32d874) Importer(815301076,1909f56bfc062723c751e8b465ee728b)
Start importing Assets/Camping Kit/Demo Stylized Camping Kit/misc using Guid(709f11a7f3c4041caa4ef136ea32d874) Importer(815301076,1909f56bfc062723c751e8b465ee728b)  -> (artifact id: '801eaaa9a923eb231f1145f98525be31') in 0.001318 seconds
  Import took 0.003140 seconds .

========================================================================
Received Import Request.
  Time since last request: 0.104866 seconds.
  path: Assets/Camping Kit/Demo Stylized Camping Kit/misc/Readme.asset
  artifactKey: Guid(8105016687592461f977c054a80ce2f2) Importer(815301076,1909f56bfc062723c751e8b465ee728b)
Start importing Assets/Camping Kit/Demo Stylized Camping Kit/misc/Readme.asset using Guid(8105016687592461f977c054a80ce2f2) Importer(815301076,1909f56bfc062723c751e8b465ee728b)  -> (artifact id: '5e0bb524c30ed886e353f1f84e113e7b') in 0.002961 seconds
  Import took 0.004736 seconds .

========================================================================
Received Import Request.
  Time since last request: 0.000155 seconds.
  path: Assets/Camping Kit/Demo Stylized Camping Kit/misc/URP-HighFidelity.asset
  artifactKey: Guid(7b7fd9122c28c4d15b667c7040e3b3fd) Importer(815301076,1909f56bfc062723c751e8b465ee728b)
Start importing Assets/Camping Kit/Demo Stylized Camping Kit/misc/URP-HighFidelity.asset using Guid(7b7fd9122c28c4d15b667c7040e3b3fd) Importer(815301076,1909f56bfc062723c751e8b465ee728b)  -> (artifact id: 'b042fc5e9089e7aaeb8f3e33cca74893') in 0.002253 seconds
  Import took 0.003585 seconds .

========================================================================
Received Import Request.
  Time since last request: 0.000187 seconds.
  path: Assets/Camping Kit/Demo Stylized Camping Kit/misc/SampleSceneProfile.asset
  artifactKey: Guid(a6560a915ef98420e9faacc1c7438823) Importer(815301076,1909f56bfc062723c751e8b465ee728b)
Start importing Assets/Camping Kit/Demo Stylized Camping Kit/misc/SampleSceneProfile.asset using Guid(a6560a915ef98420e9faacc1c7438823) Importer(815301076,1909f56bfc062723c751e8b465ee728b)  -> (artifact id: 'aea937dee0962713c715436a4fc1ab5a') in 0.002075 seconds
  Import took 0.003325 seconds .

========================================================================
Received Import Request.
  Time since last request: 0.000149 seconds.
  path: Assets/Camping Kit/Demo Stylized Camping Kit/misc/UniversalRenderPipelineGlobalSettings.asset
  artifactKey: Guid(18dc0cd2c080841dea60987a38ce93fa) Importer(815301076,1909f56bfc062723c751e8b465ee728b)
Start importing Assets/Camping Kit/Demo Stylized Camping Kit/misc/UniversalRenderPipelineGlobalSettings.asset using Guid(18dc0cd2c080841dea60987a38ce93fa) Importer(815301076,1909f56bfc062723c751e8b465ee728b)  -> (artifact id: '5eafcee8e02110be515417698b891147') in 0.002127 seconds
  Import took 0.003398 seconds .

========================================================================
Received Import Request.
  Time since last request: 0.000286 seconds.
  path: Assets/Camping Kit/Demo Stylized Camping Kit/misc/URP-Performant-Renderer.asset
  artifactKey: Guid(707360a9c581a4bd7aa53bfeb1429f71) Importer(815301076,1909f56bfc062723c751e8b465ee728b)
Start importing Assets/Camping Kit/Demo Stylized Camping Kit/misc/URP-Performant-Renderer.asset using Guid(707360a9c581a4bd7aa53bfeb1429f71) Importer(815301076,1909f56bfc062723c751e8b465ee728b)  -> (artifact id: '44fec36c2fe13df8580ddc89236a75b7') in 0.002587 seconds
  Import took 0.004167 seconds .

========================================================================
Received Import Request.
  Time since last request: 0.000193 seconds.
  path: Assets/Camping Kit/Demo Stylized Camping Kit/misc/URP-HighFidelity-Renderer.asset
  artifactKey: Guid(c40be3174f62c4acf8c1216858c64956) Importer(815301076,1909f56bfc062723c751e8b465ee728b)
Start importing Assets/Camping Kit/Demo Stylized Camping Kit/misc/URP-HighFidelity-Renderer.asset using Guid(c40be3174f62c4acf8c1216858c64956) Importer(815301076,1909f56bfc062723c751e8b465ee728b)  -> (artifact id: 'feac02654ea4c70297d404d6c0ed2fb1') in 0.003129 seconds
  Import took 0.004825 seconds .

========================================================================
Received Import Request.
  Time since last request: 0.000156 seconds.
  path: Assets/Camping Kit/Demo Stylized Camping Kit/misc/URP-Performant.asset
  artifactKey: Guid(d0e2fc18fe036412f8223b3b3d9ad574) Importer(815301076,1909f56bfc062723c751e8b465ee728b)
Start importing Assets/Camping Kit/Demo Stylized Camping Kit/misc/URP-Performant.asset using Guid(d0e2fc18fe036412f8223b3b3d9ad574) Importer(815301076,1909f56bfc062723c751e8b465ee728b)  -> (artifact id: 'f69fb01d91913d910cc6a5055cc08b30') in 0.002506 seconds
  Import took 0.003966 seconds .

========================================================================
Received Import Request.
  Time since last request: 0.000145 seconds.
  path: Assets/Camping Kit/Demo Stylized Camping Kit/misc/URP-Balanced-Renderer.asset
  artifactKey: Guid(e634585d5c4544dd297acaee93dc2beb) Importer(815301076,1909f56bfc062723c751e8b465ee728b)
Start importing Assets/Camping Kit/Demo Stylized Camping Kit/misc/URP-Balanced-Renderer.asset using Guid(e634585d5c4544dd297acaee93dc2beb) Importer(815301076,1909f56bfc062723c751e8b465ee728b)  -> (artifact id: '10b38cafd82538bff734997a60d275b1') in 0.002295 seconds
  Import took 0.003620 seconds .

========================================================================
Received Import Request.
  Time since last request: 0.000145 seconds.
  path: Assets/Camping Kit/Demo Stylized Camping Kit/misc/URP-Balanced.asset
  artifactKey: Guid(e1260c1148f6143b28bae5ace5e9c5d1) Importer(815301076,1909f56bfc062723c751e8b465ee728b)
Start importing Assets/Camping Kit/Demo Stylized Camping Kit/misc/URP-Balanced.asset using Guid(e1260c1148f6143b28bae5ace5e9c5d1) Importer(815301076,1909f56bfc062723c751e8b465ee728b)  -> (artifact id: '73efcebd43d55b9f6d108b34dd9b5d27') in 0.002583 seconds
  Import took 0.004015 seconds .

========================================================================
Received Import Request.
  Time since last request: 37.480676 seconds.
  path: Assets/Camping Kit/Materials/Transparent
  artifactKey: Guid(2f84bfb4eae72ae40af534347fad655e) Importer(815301076,1909f56bfc062723c751e8b465ee728b)
Start importing Assets/Camping Kit/Materials/Transparent using Guid(2f84bfb4eae72ae40af534347fad655e) Importer(815301076,1909f56bfc062723c751e8b465ee728b)  -> (artifact id: 'bf62bdaad201bb0a322c2670b464f4b1') in 0.000945 seconds
  Import took 0.002799 seconds .

========================================================================
Received Import Request.
  Time since last request: 0.000401 seconds.
  path: Assets/Camping Kit/Materials/Transparent
  artifactKey: Guid(2f84bfb4eae72ae40af534347fad655e) Importer(815301076,1909f56bfc062723c751e8b465ee728b)
Start importing Assets/Camping Kit/Materials/Transparent using Guid(2f84bfb4eae72ae40af534347fad655e) Importer(815301076,1909f56bfc062723c751e8b465ee728b)  -> (artifact id: 'bf62bdaad201bb0a322c2670b464f4b1') in 0.000651 seconds
  Import took 0.001969 seconds .

========================================================================
Received Import Request.
  Time since last request: 0.107403 seconds.
  path: Assets/Camping Kit/Materials/Transparent/TourClub_Material2 Transparent.mat
  artifactKey: Guid(23b1bba992aa9f844b0831c2f685f6fd) Importer(815301076,1909f56bfc062723c751e8b465ee728b)
Start importing Assets/Camping Kit/Materials/Transparent/TourClub_Material2 Transparent.mat using Guid(23b1bba992aa9f844b0831c2f685f6fd) Importer(815301076,1909f56bfc062723c751e8b465ee728b)  -> (artifact id: '6079be420da4c965191de675f2ab94fd') in 0.013004 seconds
  Import took 0.014980 seconds .

========================================================================
Received Import Request.
  Time since last request: 156.622934 seconds.
  path: Assets/Demo Stylized Camping Kit/Demo Stylized Camping Kit/Demo Stylized Camping Kit.unity
  artifactKey: Guid(99c9720ab356a0642a771bea13969a05) Importer(815301076,1909f56bfc062723c751e8b465ee728b)
Start importing Assets/Demo Stylized Camping Kit/Demo Stylized Camping Kit/Demo Stylized Camping Kit.unity using Guid(99c9720ab356a0642a771bea13969a05) Importer(815301076,1909f56bfc062723c751e8b465ee728b)  -> (artifact id: '34125fa3971bd7e4ca6978df796b9bed') in 0.001199 seconds
  Import took 0.003177 seconds .

========================================================================
Received Import Request.
  Time since last request: 9.142529 seconds.
  path: Assets/Scenes/New Terrain.asset
  artifactKey: Guid(32620d2a18d1d6543869088db9e2d1c5) Importer(815301076,1909f56bfc062723c751e8b465ee728b)
Start importing Assets/Scenes/New Terrain.asset using Guid(32620d2a18d1d6543869088db9e2d1c5) Importer(815301076,1909f56bfc062723c751e8b465ee728b)  -> (artifact id: '13b6edbed4576bd6a84f28d8416f7fd7') in 0.057765 seconds
  Import took 0.062423 seconds .

========================================================================
Received Import Request.
  Time since last request: 0.000237 seconds.
  path: Assets/Scenes/TerrainData_5cdbe598-e85f-4f52-8306-d41bc84c37e5.asset
  artifactKey: Guid(fb38372e902354d579b3f1607fd83862) Importer(815301076,1909f56bfc062723c751e8b465ee728b)
Start importing Assets/Scenes/TerrainData_5cdbe598-e85f-4f52-8306-d41bc84c37e5.asset using Guid(fb38372e902354d579b3f1607fd83862) Importer(815301076,1909f56bfc062723c751e8b465ee728b)  -> (artifact id: '11519413fac8cf66344d26a1bfafb3b7') in 0.041268 seconds
  Import took 0.044536 seconds .

========================================================================
Received Import Request.
  Time since last request: 0.781647 seconds.
  path: Assets/Scenes/Main Scene.unity
  artifactKey: Guid(2b02c29601fc84e49a18fde7fed33f95) Importer(815301076,1909f56bfc062723c751e8b465ee728b)
Start importing Assets/Scenes/Main Scene.unity using Guid(2b02c29601fc84e49a18fde7fed33f95) Importer(815301076,1909f56bfc062723c751e8b465ee728b)  -> (artifact id: 'e776bf05698eadc430fa1e3bc6dfce83') in 0.002923 seconds
  Import took 0.005226 seconds .

========================================================================
Received Import Request.
  Time since last request: 328.653200 seconds.
  path: Assets/Boats/Legacy_Content
  artifactKey: Guid(3e6b3bd409b0f7c46a0741434c269e10) Importer(815301076,1909f56bfc062723c751e8b465ee728b)
Start importing Assets/Boats/Legacy_Content using Guid(3e6b3bd409b0f7c46a0741434c269e10) Importer(815301076,1909f56bfc062723c751e8b465ee728b)  -> (artifact id: 'a8af0994dccb753aa75b015b5ba3a890') in 0.000812 seconds
  Import took 0.002575 seconds .

========================================================================
Received Import Request.
  Time since last request: 0.098678 seconds.
  path: Assets/Boats/Legacy_Content/Boat_Aluminium.prefab
  artifactKey: Guid(d568bc13143bef84bbbb8b44ebf6d1ed) Importer(815301076,1909f56bfc062723c751e8b465ee728b)
Start importing Assets/Boats/Legacy_Content/Boat_Aluminium.prefab using Guid(d568bc13143bef84bbbb8b44ebf6d1ed) Importer(815301076,1909f56bfc062723c751e8b465ee728b)  -> (artifact id: '0110a37ba2d30a992ec5dd17aee16289') in 0.531269 seconds
  Import took 0.533933 seconds .

========================================================================
Received Import Request.
  Time since last request: 0.000257 seconds.
  path: Assets/Boats/Legacy_Content/RowBoat.prefab
  artifactKey: Guid(d3c03b34cba106e4184d2bb279ed7103) Importer(815301076,1909f56bfc062723c751e8b465ee728b)
Start importing Assets/Boats/Legacy_Content/RowBoat.prefab using Guid(d3c03b34cba106e4184d2bb279ed7103) Importer(815301076,1909f56bfc062723c751e8b465ee728b)  -> (artifact id: 'f6e87649463c15b6710e79309af7e166') in 0.351742 seconds
  Import took 0.353684 seconds .

========================================================================
Received Import Request.
  Time since last request: 0.000271 seconds.
  path: Assets/Boats/Legacy_Content/Boat_Mobile.prefab
  artifactKey: Guid(19379b4b0dd7bc741ac83c5040f31d79) Importer(815301076,1909f56bfc062723c751e8b465ee728b)
Start importing Assets/Boats/Legacy_Content/Boat_Mobile.prefab using Guid(19379b4b0dd7bc741ac83c5040f31d79) Importer(815301076,1909f56bfc062723c751e8b465ee728b)  -> (artifact id: '43bc9b763bd4833e4a19e86b13fc9d37') in 0.101791 seconds
  Import took 0.103466 seconds .

========================================================================
Received Import Request.
  Time since last request: 2.451671 seconds.
  path: Assets/Boats/Prefabs
  artifactKey: Guid(443793baafb5ac2458cf6ed8c4677160) Importer(815301076,1909f56bfc062723c751e8b465ee728b)
Start importing Assets/Boats/Prefabs using Guid(443793baafb5ac2458cf6ed8c4677160) Importer(815301076,1909f56bfc062723c751e8b465ee728b)  -> (artifact id: 'f5c5bfbc64d8a8697585f306935a34f5') in 0.000751 seconds
  Import took 0.002431 seconds .

========================================================================
Received Import Request.
  Time since last request: 0.048310 seconds.
  path: Assets/Boats/Prefabs/Boat_Covered.prefab
  artifactKey: Guid(24f324697730a37438d02ca03ac4737d) Importer(815301076,1909f56bfc062723c751e8b465ee728b)
Start importing Assets/Boats/Prefabs/Boat_Covered.prefab using Guid(24f324697730a37438d02ca03ac4737d) Importer(815301076,1909f56bfc062723c751e8b465ee728b)  -> (artifact id: '02d6c8a9e7dcdd57732e0213dcb4b687') in 0.202960 seconds
  Import took 0.207645 seconds .

========================================================================
Received Import Request.
  Time since last request: 0.000231 seconds.
  path: Assets/Boats/Prefabs/OldWoodenRowboat.prefab
  artifactKey: Guid(e7c92673993d9c24b9a4ae3684fccc34) Importer(815301076,1909f56bfc062723c751e8b465ee728b)
Start importing Assets/Boats/Prefabs/OldWoodenRowboat.prefab using Guid(e7c92673993d9c24b9a4ae3684fccc34) Importer(815301076,1909f56bfc062723c751e8b465ee728b)  -> (artifact id: 'ccf77ce634930e17fd7443dcced9ab92') in 0.039321 seconds
  Import took 0.042972 seconds .

========================================================================
Received Import Request.
  Time since last request: 0.000192 seconds.
  path: Assets/Boats/Prefabs/OldWoodenRowboat_Complete.prefab
  artifactKey: Guid(a89eef680e28b83449e3a6ba46792fbe) Importer(815301076,1909f56bfc062723c751e8b465ee728b)
Start importing Assets/Boats/Prefabs/OldWoodenRowboat_Complete.prefab using Guid(a89eef680e28b83449e3a6ba46792fbe) Importer(815301076,1909f56bfc062723c751e8b465ee728b)  -> (artifact id: '74b433a6b067f853c6a54bb14e7e5dcb') in 0.048887 seconds
  Import took 0.053137 seconds .

========================================================================
Received Import Request.
  Time since last request: 0.000183 seconds.
  path: Assets/Boats/Prefabs/Paddle.prefab
  artifactKey: Guid(bb619725b065963488b1dad675c9e58f) Importer(815301076,1909f56bfc062723c751e8b465ee728b)
Start importing Assets/Boats/Prefabs/Paddle.prefab using Guid(bb619725b065963488b1dad675c9e58f) Importer(815301076,1909f56bfc062723c751e8b465ee728b)  -> (artifact id: '749a0ba9bf5c6c0516b12581ba0bf109') in 0.020241 seconds
  Import took 0.022106 seconds .

========================================================================
Received Import Request.
  Time since last request: 27.912676 seconds.
  path: Assets/Boats/Source
  artifactKey: Guid(31d3fbe717a545449b16752ab131aa9f) Importer(815301076,1909f56bfc062723c751e8b465ee728b)
Start importing Assets/Boats/Source using Guid(31d3fbe717a545449b16752ab131aa9f) Importer(815301076,1909f56bfc062723c751e8b465ee728b)  -> (artifact id: 'e76c699d4029053cec88e956646c53af') in 0.001265 seconds
  Import took 0.003099 seconds .

========================================================================
Received Import Request.
  Time since last request: 0.941816 seconds.
  path: Assets/Boats/Source/Boat_Covered.FBX
  artifactKey: Guid(3e6e2b335b21426428169cd1f67d0c7b) Importer(815301076,1909f56bfc062723c751e8b465ee728b)
Start importing Assets/Boats/Source/Boat_Covered.FBX using Guid(3e6e2b335b21426428169cd1f67d0c7b) Importer(815301076,1909f56bfc062723c751e8b465ee728b)  -> (artifact id: '8ef63e51f5c907e46ba2718b26958e9b') in 0.149317 seconds
  Import took 0.155248 seconds .

========================================================================
Received Import Request.
  Time since last request: 0.000294 seconds.
  path: Assets/Boats/Source/Paddle.FBX
  artifactKey: Guid(995e9d3a5cf0cc748a0fea6109485036) Importer(815301076,1909f56bfc062723c751e8b465ee728b)
Start importing Assets/Boats/Source/Paddle.FBX using Guid(995e9d3a5cf0cc748a0fea6109485036) Importer(815301076,1909f56bfc062723c751e8b465ee728b)  -> (artifact id: '58521511833a1e84ab5420891d25d8e5') in 0.027712 seconds
  Import took 0.029736 seconds .

========================================================================
Received Import Request.
  Time since last request: 0.000243 seconds.
  path: Assets/Boats/Source/OldWoodenRowboat.FBX
  artifactKey: Guid(2cfac36f1468dae4eb63714c65986e43) Importer(815301076,1909f56bfc062723c751e8b465ee728b)
Start importing Assets/Boats/Source/OldWoodenRowboat.FBX using Guid(2cfac36f1468dae4eb63714c65986e43) Importer(815301076,1909f56bfc062723c751e8b465ee728b)  -> (artifact id: 'd3ad43a6d57b47d9ee6eb4bcd932ae83') in 0.044657 seconds
  Import took 0.048683 seconds .

